d:\게임 코딩 공부\consoleapplication1\consolea.71355a31\x64\debug\vc143.pdb
d:\게임 코딩 공부\consoleapplication1\consolea.71355a31\x64\debug\vc143.idb
d:\게임 코딩 공부\consoleapplication1\consolea.71355a31\x64\debug\renderer.obj
d:\게임 코딩 공부\consoleapplication1\consolea.71355a31\x64\debug\player.obj
d:\게임 코딩 공부\consoleapplication1\consolea.71355a31\x64\debug\gamescene.obj
d:\게임 코딩 공부\consoleapplication1\consolea.71355a31\x64\debug\consoleapplication1.obj
d:\게임 코딩 공부\consoleapplication1\consolea.71355a31\x64\debug\time.obj
d:\게임 코딩 공부\consoleapplication1\consolea.71355a31\x64\debug\intput.obj
d:\게임 코딩 공부\consoleapplication1\consolea.71355a31\x64\debug\consolerenderer.obj
d:\게임 코딩 공부\consoleapplication1\consolea.71355a31\x64\debug\gamesystems.obj
d:\게임 코딩 공부\consoleapplication1\consolea.71355a31\x64\debug\consoleapplication1.ilk
d:\게임 코딩 공부\consoleapplication1\x64\debug\consoleapplication1.pdb
d:\게임 코딩 공부\consoleapplication1\consolea.71355a31\x64\debug\consolea.71355a31.tlog\cl.command.1.tlog
d:\게임 코딩 공부\consoleapplication1\consolea.71355a31\x64\debug\consolea.71355a31.tlog\cl.items.tlog
d:\게임 코딩 공부\consoleapplication1\consolea.71355a31\x64\debug\consolea.71355a31.tlog\cl.read.1.tlog
d:\게임 코딩 공부\consoleapplication1\consolea.71355a31\x64\debug\consolea.71355a31.tlog\cl.write.1.tlog
d:\게임 코딩 공부\consoleapplication1\consolea.71355a31\x64\debug\consolea.71355a31.tlog\link-cvtres.read.1.tlog
d:\게임 코딩 공부\consoleapplication1\consolea.71355a31\x64\debug\consolea.71355a31.tlog\link-cvtres.write.1.tlog
d:\게임 코딩 공부\consoleapplication1\consolea.71355a31\x64\debug\consolea.71355a31.tlog\link-rc.read.1.tlog
d:\게임 코딩 공부\consoleapplication1\consolea.71355a31\x64\debug\consolea.71355a31.tlog\link-rc.write.1.tlog
d:\게임 코딩 공부\consoleapplication1\consolea.71355a31\x64\debug\consolea.71355a31.tlog\link.24156-cvtres.read.1.tlog
d:\게임 코딩 공부\consoleapplication1\consolea.71355a31\x64\debug\consolea.71355a31.tlog\link.24156-cvtres.write.1.tlog
d:\게임 코딩 공부\consoleapplication1\consolea.71355a31\x64\debug\consolea.71355a31.tlog\link.24156-rc.read.1.tlog
d:\게임 코딩 공부\consoleapplication1\consolea.71355a31\x64\debug\consolea.71355a31.tlog\link.24156-rc.write.1.tlog
d:\게임 코딩 공부\consoleapplication1\consolea.71355a31\x64\debug\consolea.71355a31.tlog\link.24156.read.1.tlog
d:\게임 코딩 공부\consoleapplication1\consolea.71355a31\x64\debug\consolea.71355a31.tlog\link.24156.read.2.tlog
d:\게임 코딩 공부\consoleapplication1\consolea.71355a31\x64\debug\consolea.71355a31.tlog\link.24156.write.1.tlog
d:\게임 코딩 공부\consoleapplication1\consolea.71355a31\x64\debug\consolea.71355a31.tlog\link.command.1.tlog
d:\게임 코딩 공부\consoleapplication1\consolea.71355a31\x64\debug\consolea.71355a31.tlog\link.read.1.tlog
d:\게임 코딩 공부\consoleapplication1\consolea.71355a31\x64\debug\consolea.71355a31.tlog\link.read.2.tlog
d:\게임 코딩 공부\consoleapplication1\consolea.71355a31\x64\debug\consolea.71355a31.tlog\link.secondary.1.tlog
d:\게임 코딩 공부\consoleapplication1\consolea.71355a31\x64\debug\consolea.71355a31.tlog\link.write.1.tlog
